<?xml version="1.0" encoding="UTF-8"?>
<!-- Generated by org.testng.reporters.JUnitReportReporter -->
<testsuite hostname="A5364L" failures="0" tests="6" name="lightstorm.polarin.testCases.Organization_Profile_TestCase" time="0.695" errors="1" timestamp="2023-07-09T18:57:45 IST" skipped="3">
  <testcase classname="lightstorm.polarin.testCases.Organization_Profile_TestCase" name="precondition" time="0.006">
    <error message="Cannot invoke &quot;String.equals(Object)&quot; because &quot;this.checkProfileIsApproved&quot; is null" type="java.lang.NullPointerException">
      <![CDATA[java.lang.NullPointerException: Cannot invoke "String.equals(Object)" because "this.checkProfileIsApproved" is null
at lightstorm.polarin.testCases.Organization_Profile_TestCase.precondition(Organization_Profile_TestCase.java:113)
at java.base/jdk.internal.reflect.NativeMethodAccessorImpl.invoke0(Native Method)
at java.base/jdk.internal.reflect.NativeMethodAccessorImpl.invoke(NativeMethodAccessorImpl.java:77)
at java.base/jdk.internal.reflect.DelegatingMethodAccessorImpl.invoke(DelegatingMethodAccessorImpl.java:43)
at java.base/java.lang.reflect.Method.invoke(Method.java:568)
at org.testng.internal.MethodInvocationHelper.invokeMethod(MethodInvocationHelper.java:133)
at org.testng.internal.TestInvoker.invokeMethod(TestInvoker.java:598)
at org.testng.internal.TestInvoker.invokeTestMethod(TestInvoker.java:173)
at org.testng.internal.MethodRunner.runInSequence(MethodRunner.java:46)
at org.testng.internal.TestInvoker$MethodInvocationAgent.invoke(TestInvoker.java:824)
at org.testng.internal.TestInvoker.invokeTestMethods(TestInvoker.java:146)
at org.testng.internal.TestMethodWorker.invokeTestMethods(TestMethodWorker.java:146)
at org.testng.internal.TestMethodWorker.run(TestMethodWorker.java:128)
at java.base/java.util.concurrent.ThreadPoolExecutor.runWorker(ThreadPoolExecutor.java:1136)
at java.base/java.util.concurrent.ThreadPoolExecutor$Worker.run(ThreadPoolExecutor.java:635)
at java.base/java.lang.Thread.run(Thread.java:833)
]]>
    </error>
  </testcase> <!-- precondition -->
  <system-out/>
  <testcase classname="lightstorm.polarin.testCases.Organization_Profile_TestCase" name="verify_that_Organization_Details_are_created_under_Organization_profile" time="0.000">
    <skipped/>
  </testcase> <!-- verify_that_Organization_Details_are_created_under_Organization_profile -->
  <system-out/>
  <testcase classname="lightstorm.polarin.testCases.Organization_Profile_TestCase" name="verify_that_Organization_Address_details_are_created_under_Organization_profile" time="0.000">
    <skipped/>
  </testcase> <!-- verify_that_Organization_Address_details_are_created_under_Organization_profile -->
  <system-out/>
  <testcase classname="lightstorm.polarin.testCases.Organization_Profile_TestCase" name="verify_that_Authorized_Signatory_details_are_created_under_Organization_profile" time="0.000">
    <skipped/>
  </testcase> <!-- verify_that_Authorized_Signatory_details_are_created_under_Organization_profile -->
  <system-out/>
  <testcase classname="lightstorm.polarin.testCases.Organization_Profile_TestCase" name="verify_That_organization_Details_are_able_to_See_After_Profile_Created" time="0.614"/>
  <system-out/>
  <testcase classname="lightstorm.polarin.testCases.Organization_Profile_TestCase" name="verify_That_Authorised_Signatory_Details_are_able_to_See_After_Profile_Created" time="0.075"/>
  <system-out/>
</testsuite> <!-- lightstorm.polarin.testCases.Organization_Profile_TestCase -->
